# project numerical and temporal expression normalizer (0.5.0) configured on Wed Oct  3 13:31:40 2012 by
# waf 1.6.9 (abi 98, python 20701f0 on linux2)
# using ./waf configure
#
----------------------------------------
Setting top to
/home/katsuma/src/digit_utils
----------------------------------------
Setting out to
/home/katsuma/src/digit_utils/build
----------------------------------------
Checking for 'g++' (c++ compiler)
find program=['g++', 'c++'] paths=['/home/katsuma/usr/local', '/home/katsuma/local/python/bin', '/usr/local/sbin', '/usr/local/bin', '/usr/sbin', '/usr/bin', '/sbin', '/bin', '/usr/games'] var='CXX' -> '/usr/bin/g++'
find program=['ar'] paths=['/home/katsuma/usr/local', '/home/katsuma/local/python/bin', '/usr/local/sbin', '/usr/local/bin', '/usr/sbin', '/usr/bin', '/sbin', '/bin', '/usr/games'] var='AR' -> '/usr/bin/ar'
/usr/bin/g++
----------------------------------------
Unpacking gtest
yes
----------------------------------------
Checking for library pthread
==>

int main() {
	return 0;
}

<==
[1/2] [32mcxx: build/.conf_check_381cf42f6fd4452c31865cc181a1383c/test.cpp -> build/.conf_check_381cf42f6fd4452c31865cc181a1383c/testbuild/test.cpp.1.o
[0m
['/usr/bin/g++', '-O2', '-Wall', '-g', '-pipe', '../test.cpp', '-c', '-o', 'test.cpp.1.o']
[2/2] [33mcxxprogram: build/.conf_check_381cf42f6fd4452c31865cc181a1383c/testbuild/test.cpp.1.o -> build/.conf_check_381cf42f6fd4452c31865cc181a1383c/testbuild/testprog
[0m
['/usr/bin/g++', 'test.cpp.1.o', '-o', '/home/katsuma/src/digit_utils/build/.conf_check_381cf42f6fd4452c31865cc181a1383c/testbuild/testprog', '-Wl,-Bstatic', '-Wl,-Bdynamic', '-lpthread']
yes
----------------------------------------
Checking for program pkg-config
/usr/bin/pkg-config
find program=['pkg-config'] paths=['/home/katsuma/usr/local', '/home/katsuma/local/python/bin', '/usr/local/sbin', '/usr/local/bin', '/usr/sbin', '/usr/bin', '/sbin', '/bin', '/usr/games'] var='PKGCONFIG' -> '/usr/bin/pkg-config'
----------------------------------------
Checking for 'pficommon'
['/usr/bin/pkg-config', 'pficommon', '--cflags', '--libs']
out: -I/home/katsuma/usr/local/include  -L/home/katsuma/usr/local/lib -lpficommon -lpficommon_visualization -lpficommon_text -lpficommon_network_base -lpficommon_concurrent -lpficommon_data -lpficommon_math -lpficommon_system -lpficommon_network_http -lpficommon_lang -lpficommon_network_rpc -lpficommon_network_cgi  

yes
----------------------------------------
Checking for 'ux'
['/usr/bin/pkg-config', 'ux', '--cflags', '--libs']
out: -I/home/katsuma/usr/local/include  -L/home/katsuma/usr/local/lib -lux  

yes
